<?xml version="1.0" encoding="UTF-8"?>
<testng-results skipped="0" failed="0" ignored="0" total="1" passed="1">
  <reporter-output>
  </reporter-output>
  <suite name="Default suite" duration-ms="669" started-at="2020-03-04T05:05:14Z" finished-at="2020-03-04T05:05:15Z">
    <groups>
    </groups>
    <test name="Default test" duration-ms="669" started-at="2020-03-04T05:05:14Z" finished-at="2020-03-04T05:05:15Z">
      <class name="extent_Report.ExtentReportDemo">
        <test-method status="PASS" signature="loginTest()[pri:0, instance:extent_Report.ExtentReportDemo@1593948d]" name="loginTest" duration-ms="646" started-at="2020-03-04T00:05:14Z" finished-at="2020-03-04T00:05:15Z">
          <reporter-output>
          </reporter-output>
        </test-method> <!-- loginTest -->
      </class> <!-- extent_Report.ExtentReportDemo -->
    </test> <!-- Default test -->
  </suite> <!-- Default suite -->
</testng-results>
